autoscan: warning: missing AC_CHECK_FUNCS([mkdir]) wanted by: 
	vhdlpp/main.cc:92
	vhdlpp/main.cc:93
	vhdlpp/main.cc:170
autoscan: warning: missing AC_CHECK_FUNCS([pow]) wanted by: 
	vhdlpp/vhdlreal.cc:73
	vhdlpp/vhdlreal.cc:74
	vhdlpp/expression_evaluate.cc:67
	vhdlpp/vhdlreal.h:39
autoscan: warning: missing AC_CHECK_FUNCS([strcasecmp]) wanted by: 
	vhdlpp/parse.y:1286
	vhdlpp/parse.y:1983
	vhdlpp/parse.y:1985
	vhdlpp/parse.y:1987
	vhdlpp/parse.y:1989
	vhdlpp/parse.y:1991
	vhdlpp/parse.y:1993
	vhdlpp/parse.y:2432
	vhdlpp/parse.y:2434
	vhdlpp/parse.y:2436
	vhdlpp/parse.y:2438
	vhdlpp/parse_misc.cc:160
	vhdlpp/parse_misc.cc:163
autoscan: warning: missing AC_CHECK_FUNCS([strdup]) wanted by: 
	vhdlpp/main.cc:120
	vhdlpp/main.cc:122
	vhdlpp/main.cc:124
	vhdlpp/parse.y:2725
autoscan: warning: missing AC_CHECK_HEADER_STDBOOL wanted by: 
	libmisc/StringHeap.cc:162
	libmisc/StringHeap.cc:176
	libmisc/StringHeap.cc:181
	libmisc/StringHeap.cc:186
	libmisc/StringHeap.cc:191
	libmisc/StringHeap.h:33
	libmisc/StringHeap.h:56
	libmisc/StringHeap.h:57
	libmisc/StringHeap.h:58
	libmisc/StringHeap.h:59
	libmisc/StringHeap.h:60
	libmisc/StringHeap.h:61
	libmisc/StringHeap.h:62
	libmisc/StringHeap.h:63
	vhdlpp/scope.h:60
	vhdlpp/scope.h:213
	vhdlpp/expression_elaborate.cc:39
	vhdlpp/expression_elaborate.cc:77
	vhdlpp/expression_elaborate.cc:96
	vhdlpp/expression_elaborate.cc:218
	vhdlpp/expression_elaborate.cc:946
	vhdlpp/vtype_match.cc:23
	vhdlpp/vtype_match.cc:36
	vhdlpp/vtype_match.cc:44
	vhdlpp/vtype_match.cc:66
	vhdlpp/vtype_match.cc:89
	vhdlpp/std_types.cc:126
	vhdlpp/architec.h:69
	vhdlpp/library.cc:308
	vhdlpp/library.cc:321
	vhdlpp/library.cc:333
	vhdlpp/compiler.h:28
	vhdlpp/compiler.h:30
	vhdlpp/architec.cc:43
	vhdlpp/architec.cc:209
	vhdlpp/subprogram_emit.cc:149
	vhdlpp/vtype.cc:46
	vhdlpp/vtype.cc:104
	vhdlpp/vtype.cc:116
	vhdlpp/vtype.cc:126
	vhdlpp/vtype.cc:129
	vhdlpp/vtype.cc:149
	vhdlpp/vtype.cc:153
	vhdlpp/vtype.cc:223
	vhdlpp/vtype.cc:234
	vhdlpp/vtype.cc:280
	vhdlpp/vtype.cc:321
	vhdlpp/entity.cc:101
	vhdlpp/vtype.h:63
	vhdlpp/vtype.h:95
	vhdlpp/vtype.h:98
	vhdlpp/vtype.h:102
	vhdlpp/vtype.h:114
	vhdlpp/vtype.h:125
	vhdlpp/vtype.h:164
	vhdlpp/vtype.h:169
	vhdlpp/vtype.h:179
	vhdlpp/vtype.h:183
	vhdlpp/vtype.h:197
	vhdlpp/vtype.h:202
	vhdlpp/vtype.h:203
	vhdlpp/vtype.h:211
	vhdlpp/vtype.h:215
	vhdlpp/vtype.h:216
	vhdlpp/vtype.h:217
	vhdlpp/vtype.h:223
	vhdlpp/vtype.h:233
	vhdlpp/vtype.h:242
	vhdlpp/vtype.h:247
	vhdlpp/vtype.h:249
	vhdlpp/vtype.h:251
	vhdlpp/vtype.h:261
	vhdlpp/vtype.h:264
	vhdlpp/vtype.h:269
	vhdlpp/vtype.h:279
	vhdlpp/vtype.h:281
	vhdlpp/vtype.h:311
	vhdlpp/vtype.h:325
	vhdlpp/vtype.h:341
	vhdlpp/vtype.h:344
	vhdlpp/vtype.h:382
	vhdlpp/vtype.h:399
	vhdlpp/vtype.h:417
	vhdlpp/vtype.h:419
	vhdlpp/vtype.h:421
	vhdlpp/expression.cc:50
	vhdlpp/expression.cc:160
	vhdlpp/expression.cc:165
	vhdlpp/expression.cc:289
	vhdlpp/expression.cc:294
	vhdlpp/expression.cc:581
	vhdlpp/expression.cc:656
	vhdlpp/expression.cc:884
	vhdlpp/vtype_stream.cc:54
	vhdlpp/vtype_stream.cc:97
	vhdlpp/vtype_stream.cc:184
	vhdlpp/std_funcs.cc:43
	vhdlpp/std_funcs.cc:77
	vhdlpp/std_funcs.cc:98
	vhdlpp/std_funcs.cc:149
	vhdlpp/main.cc:101
	vhdlpp/main.cc:107
	vhdlpp/expression_emit.cc:81
	vhdlpp/expression_emit.cc:89
	vhdlpp/expression_emit.cc:99
	vhdlpp/expression_emit.cc:150
	vhdlpp/expression_emit.cc:189
	vhdlpp/expression_emit.cc:200
	vhdlpp/expression_emit.cc:508
	vhdlpp/expression_emit.cc:517
	vhdlpp/expression_emit.cc:660
	vhdlpp/expression_emit.cc:758
	vhdlpp/expression_emit.cc:762
	vhdlpp/expression_emit.cc:808
	vhdlpp/expression_emit.cc:823
	vhdlpp/expression_emit.cc:881
	vhdlpp/expression_emit.cc:893
	vhdlpp/expression_emit.cc:958
	vhdlpp/scope.cc:99
	vhdlpp/scope.cc:296
	vhdlpp/scope.cc:351
	vhdlpp/parse.y:69
	vhdlpp/parse.y:113
	vhdlpp/parse.y:218
	vhdlpp/parse.y:622
	vhdlpp/parse.y:2941
	vhdlpp/expression_stream.cc:223
	vhdlpp/expression.h:83
	vhdlpp/expression.h:127
	vhdlpp/expression.h:128
	vhdlpp/expression.h:132
	vhdlpp/expression.h:139
	vhdlpp/expression.h:225
	vhdlpp/expression.h:226
	vhdlpp/expression.h:266
	vhdlpp/expression.h:268
	vhdlpp/expression.h:292
	vhdlpp/expression.h:363
	vhdlpp/expression.h:390
	vhdlpp/expression.h:391
	vhdlpp/expression.h:411
	vhdlpp/expression.h:433
	vhdlpp/expression.h:434
	vhdlpp/expression.h:475
	vhdlpp/expression.h:503
	vhdlpp/expression.h:645
	vhdlpp/expression.h:646
	vhdlpp/expression.h:668
	vhdlpp/expression.h:715
	vhdlpp/expression.h:723
	vhdlpp/expression.h:724
	vhdlpp/expression.h:725
	vhdlpp/expression.h:753
	vhdlpp/expression.h:763
	vhdlpp/expression.h:766
	vhdlpp/expression.h:769
	vhdlpp/expression.h:830
	vhdlpp/expression.h:853
	vhdlpp/expression.h:856
	vhdlpp/expression.h:859
	vhdlpp/expression.h:890
	vhdlpp/expression.h:910
	vhdlpp/expression.h:1008
	vhdlpp/expression.h:1025
	vhdlpp/expression.h:1051
	vhdlpp/expression.h:1055
	vhdlpp/architec_emit.cc:157
	vhdlpp/vhdlint.h:31
	vhdlpp/vhdlint.h:32
	vhdlpp/vhdlint.h:33
	vhdlpp/expression_evaluate.cc:28
	vhdlpp/expression_evaluate.cc:31
	vhdlpp/expression_evaluate.cc:76
	vhdlpp/expression_evaluate.cc:101
	vhdlpp/expression_evaluate.cc:121
	vhdlpp/expression_evaluate.cc:134
	vhdlpp/expression_evaluate.cc:139
	vhdlpp/expression_evaluate.cc:171
	vhdlpp/expression_evaluate.cc:174
	vhdlpp/vtype_emit.cc:38
	vhdlpp/vtype_emit.cc:95
	vhdlpp/vtype_emit.cc:101
	vhdlpp/vtype_emit.cc:119
	vhdlpp/vtype_emit.cc:168
	vhdlpp/vtype_emit.cc:255
	vhdlpp/subprogram.cc:109
	vhdlpp/subprogram.cc:175
	vhdlpp/sequential_emit.cc:299
	vhdlpp/sequential_emit.cc:341
	vhdlpp/sequential_emit.cc:389
	vhdlpp/sequential_emit.cc:392
	vhdlpp/subprogram.h:46
	vhdlpp/subprogram.h:74
	vhdlpp/subprogram.h:86
	vhdlpp/subprogram.h:89
	vhdlpp/subprogram.h:154
	vhdlpp/parse_misc.cc:74
	vhdlpp/std_types.h:27
	vhdlpp/vhdlint.cc:28
	vhdlpp/vhdlint.cc:33
	vhdlpp/vhdlint.cc:38
	vhdlpp/entity.h:128
	libmisc/StringHeap.cc:168
	libmisc/StringHeap.cc:173
	libmisc/StringHeap.cc:197
	libmisc/StringHeap.cc:202
	vhdlpp/expression_elaborate.cc:491
	vhdlpp/expression_elaborate.cc:540
	vhdlpp/expression_elaborate.cc:813
	vhdlpp/expression_elaborate.cc:950
	vhdlpp/expression_elaborate.cc:964
	vhdlpp/vtype_match.cc:33
	vhdlpp/vtype_match.cc:63
	vhdlpp/vtype_match.cc:74
	vhdlpp/vtype_match.cc:81
	vhdlpp/vtype_match.cc:86
	vhdlpp/vtype_match.cc:97
	vhdlpp/std_types.cc:45
	vhdlpp/architec_elaborate.cc:224
	vhdlpp/architec.cc:59
	vhdlpp/architec.cc:68
	vhdlpp/sequential.h:121
	vhdlpp/subprogram_emit.cc:153
	vhdlpp/vtype.cc:153
	vhdlpp/vtype.cc:156
	vhdlpp/vtype.h:95
	vhdlpp/vtype.h:98
	vhdlpp/vtype.h:102
	vhdlpp/vtype.h:121
	vhdlpp/vtype.h:164
	vhdlpp/vtype.h:215
	vhdlpp/vtype.h:216
	vhdlpp/vtype.h:217
	vhdlpp/expression.cc:55
	vhdlpp/expression.cc:253
	vhdlpp/expression.cc:660
	vhdlpp/expression.cc:663
	vhdlpp/expression.cc:666
	vhdlpp/expression.cc:668
	vhdlpp/expression.cc:674
	vhdlpp/expression.cc:682
	vhdlpp/expression.cc:872
	vhdlpp/expression.cc:879
	vhdlpp/vtype_stream.cc:54
	vhdlpp/vtype_stream.cc:110
	vhdlpp/vtype_stream.cc:195
	vhdlpp/std_funcs.cc:43
	vhdlpp/std_funcs.cc:98
	vhdlpp/main.cc:101
	vhdlpp/main.cc:107
	vhdlpp/expression_emit.cc:57
	vhdlpp/expression_emit.cc:83
	vhdlpp/expression_emit.cc:259
	vhdlpp/expression_emit.cc:266
	vhdlpp/expression_emit.cc:316
	vhdlpp/expression_emit.cc:762
	vhdlpp/expression_emit.cc:768
	vhdlpp/expression_emit.cc:816
	vhdlpp/expression_emit.cc:838
	vhdlpp/expression_emit.cc:855
	vhdlpp/expression_emit.cc:860
	vhdlpp/expression_emit.cc:893
	vhdlpp/expression_emit.cc:1097
	vhdlpp/scope.cc:108
	vhdlpp/scope.cc:302
	vhdlpp/scope.cc:366
	vhdlpp/parse.y:116
	vhdlpp/parse.y:622
	vhdlpp/parse.y:2183
	vhdlpp/expression_stream.cc:227
	vhdlpp/expression_stream.cc:361
	vhdlpp/expression.h:125
	vhdlpp/expression.h:127
	vhdlpp/expression.h:137
	vhdlpp/expression.h:138
	vhdlpp/architec_emit.cc:161
	vhdlpp/architec_emit.cc:178
	vhdlpp/expression_evaluate.cc:34
	vhdlpp/expression_evaluate.cc:35
	vhdlpp/expression_evaluate.cc:38
	vhdlpp/expression_evaluate.cc:39
	vhdlpp/expression_evaluate.cc:53
	vhdlpp/expression_evaluate.cc:58
	vhdlpp/expression_evaluate.cc:63
	vhdlpp/expression_evaluate.cc:65
	vhdlpp/expression_evaluate.cc:70
	vhdlpp/expression_evaluate.cc:84
	vhdlpp/expression_evaluate.cc:85
	vhdlpp/expression_evaluate.cc:92
	vhdlpp/expression_evaluate.cc:96
	vhdlpp/expression_evaluate.cc:118
	vhdlpp/expression_evaluate.cc:131
	vhdlpp/expression_evaluate.cc:144
	vhdlpp/expression_evaluate.cc:156
	vhdlpp/expression_evaluate.cc:168
	vhdlpp/expression_evaluate.cc:177
	vhdlpp/expression_evaluate.cc:178
	vhdlpp/expression_evaluate.cc:181
	vhdlpp/expression_evaluate.cc:182
	vhdlpp/expression_evaluate.cc:199
	vhdlpp/vtype_emit.cc:104
	vhdlpp/vtype_emit.cc:119
	vhdlpp/subprogram.cc:112
	vhdlpp/subprogram.cc:116
	vhdlpp/subprogram.cc:119
	vhdlpp/subprogram.cc:122
	vhdlpp/subprogram.cc:127
	vhdlpp/subprogram.cc:131
	vhdlpp/subprogram.cc:134
	vhdlpp/subprogram.cc:187
	vhdlpp/sequential_emit.cc:303
	vhdlpp/sequential_emit.cc:344
	vhdlpp/sequential_emit.cc:511
	vhdlpp/subprogram.h:89
	libmisc/StringHeap.cc:165
	libmisc/StringHeap.cc:171
	libmisc/StringHeap.cc:194
	libmisc/StringHeap.cc:200
	vhdlpp/scope.h:210
	vhdlpp/expression_elaborate.cc:946
	vhdlpp/expression_elaborate.cc:960
	vhdlpp/expression_elaborate.cc:966
	vhdlpp/vtype_match.cc:26
	vhdlpp/vtype_match.cc:30
	vhdlpp/vtype_match.cc:39
	vhdlpp/vtype_match.cc:47
	vhdlpp/vtype_match.cc:50
	vhdlpp/vtype_match.cc:58
	vhdlpp/vtype_match.cc:60
	vhdlpp/vtype_match.cc:69
	vhdlpp/vtype_match.cc:83
	vhdlpp/vtype_match.cc:92
	vhdlpp/vtype_match.cc:95
	vhdlpp/std_types.cc:28
	vhdlpp/std_types.cc:32
	vhdlpp/std_types.cc:33
	vhdlpp/std_types.cc:44
	vhdlpp/std_types.cc:128
	vhdlpp/std_types.cc:129
	vhdlpp/std_types.cc:130
	vhdlpp/std_types.cc:131
	vhdlpp/std_types.cc:132
	vhdlpp/std_types.cc:133
	vhdlpp/std_types.cc:134
	vhdlpp/std_types.cc:135
	vhdlpp/std_types.cc:136
	vhdlpp/std_types.cc:137
	vhdlpp/std_types.cc:138
	vhdlpp/std_types.cc:139
	vhdlpp/std_types.cc:140
	vhdlpp/architec_elaborate.cc:265
	vhdlpp/architec.cc:46
	vhdlpp/architec.cc:65
	vhdlpp/sequential.h:121
	vhdlpp/subprogram_emit.cc:149
	vhdlpp/vtype.cc:164
	vhdlpp/vtype.cc:228
	vhdlpp/vtype.cc:238
	vhdlpp/vtype.cc:244
	vhdlpp/vtype.cc:247
	vhdlpp/vtype.h:60
	vhdlpp/vtype.h:97
	vhdlpp/vtype.h:197
	vhdlpp/vtype.h:242
	vhdlpp/vtype.h:382
	vhdlpp/expression.cc:584
	vhdlpp/expression.cc:689
	vhdlpp/expression.cc:885
	vhdlpp/vtype_stream.cc:57
	vhdlpp/vtype_stream.cc:117
	vhdlpp/vtype_stream.cc:191
	vhdlpp/std_funcs.cc:367
	vhdlpp/std_funcs.cc:373
	vhdlpp/main.cc:126
	vhdlpp/main.cc:151
	vhdlpp/expression_emit.cc:200
	vhdlpp/expression_emit.cc:510
	vhdlpp/expression_emit.cc:519
	vhdlpp/expression_emit.cc:662
	vhdlpp/expression_emit.cc:820
	vhdlpp/expression_emit.cc:849
	vhdlpp/expression_emit.cc:883
	vhdlpp/expression_emit.cc:900
	vhdlpp/expression_emit.cc:960
	vhdlpp/scope.cc:113
	vhdlpp/scope.cc:296
	vhdlpp/scope.cc:354
	vhdlpp/scope.cc:356
	vhdlpp/scope.cc:361
	vhdlpp/scope.cc:364
	vhdlpp/parse.y:631
	vhdlpp/parse.y:2195
	vhdlpp/expression_stream.cc:223
	vhdlpp/expression.h:124
	vhdlpp/expression.h:130
	vhdlpp/expression.h:134
	vhdlpp/expression.h:265
	vhdlpp/expression.h:268
	vhdlpp/expression.h:645
	vhdlpp/architec_emit.cc:157
	vhdlpp/architec_emit.cc:170
	vhdlpp/vsignal.cc:62
	vhdlpp/vsignal.cc:84
	vhdlpp/expression_evaluate.cc:73
	vhdlpp/expression_evaluate.cc:98
	vhdlpp/expression_evaluate.cc:108
	vhdlpp/expression_evaluate.cc:152
	vhdlpp/expression_evaluate.cc:202
	vhdlpp/vtype_emit.cc:101
	vhdlpp/vtype_emit.cc:114
	vhdlpp/vtype_emit.cc:127
	vhdlpp/vtype_emit.cc:133
	vhdlpp/subprogram.cc:137
	vhdlpp/subprogram.cc:177
	vhdlpp/subprogram.cc:183
	vhdlpp/sequential_emit.cc:299
	vhdlpp/sequential_emit.cc:341
	vhdlpp/subprogram.h:72
	vhdlpp/subprogram.h:154
	vhdlpp/sequential_elaborate.cc:157
	vhdlpp/sequential_elaborate.cc:223
autoscan: warning: missing AC_C_INLINE wanted by: 
	libmisc/StringHeap.h:33
	vhdlpp/scope.h:75
	vhdlpp/scope.h:260
	vhdlpp/scope.h:263
	vhdlpp/architec.h:142
	vhdlpp/architec.h:239
	vhdlpp/architec.h:240
	vhdlpp/sequential.h:62
	vhdlpp/sequential.h:294
	vhdlpp/sequential.h:295
	vhdlpp/sequential.h:344
	vhdlpp/vtype.h:129
	vhdlpp/vtype.h:136
	vhdlpp/vtype.h:202
	vhdlpp/vtype.h:203
	vhdlpp/vtype.h:205
	vhdlpp/vtype.h:206
	vhdlpp/vtype.h:229
	vhdlpp/vtype.h:233
	vhdlpp/vtype.h:236
	vhdlpp/vtype.h:254
	vhdlpp/vtype.h:284
	vhdlpp/vtype.h:359
	vhdlpp/vtype.h:360
	vhdlpp/vtype.h:384
	vhdlpp/vtype.h:401
	vhdlpp/vtype.h:409
	vhdlpp/sequential.cc:25
	vhdlpp/std_funcs.cc:27
	vhdlpp/expression_emit.cc:38
	vhdlpp/parse.y:54
	vhdlpp/expression.h:53
	vhdlpp/expression.h:54
	vhdlpp/expression.h:107
	vhdlpp/expression.h:165
	vhdlpp/expression.h:169
	vhdlpp/expression.h:174
	vhdlpp/expression.h:185
	vhdlpp/expression.h:193
	vhdlpp/expression.h:213
	vhdlpp/expression.h:214
	vhdlpp/expression.h:228
	vhdlpp/expression.h:230
	vhdlpp/expression.h:307
	vhdlpp/expression.h:379
	vhdlpp/expression.h:404
	vhdlpp/expression.h:426
	vhdlpp/expression.h:529
	vhdlpp/expression.h:530
	vhdlpp/expression.h:531
	vhdlpp/expression.h:592
	vhdlpp/expression.h:612
	vhdlpp/expression.h:613
	vhdlpp/expression.h:614
	vhdlpp/expression.h:689
	vhdlpp/expression.h:727
	vhdlpp/expression.h:728
	vhdlpp/expression.h:798
	vhdlpp/expression.h:962
	vhdlpp/vsignal.h:86
	vhdlpp/vsignal.h:91
	vhdlpp/vsignal.h:96
	vhdlpp/subprogram.h:46
	vhdlpp/subprogram.h:82
	vhdlpp/subprogram.h:83
	vhdlpp/subprogram.h:91
	vhdlpp/subprogram.h:94
autoscan: warning: missing AC_FUNC_MALLOC wanted by: 
	libmisc/StringHeap.cc:52
autoscan: warning: missing AC_FUNC_REALLOC wanted by: 
	libmisc/StringHeap.cc:55
autoscan: warning: missing AC_FUNC_STRTOD wanted by: 
	vhdlpp/vhdlreal.cc:51
autoscan: warning: missing AC_PROG_LEX wanted by: 
	vhdlpp/Makefile.in:32
autoscan: warning: missing AC_PROG_YACC wanted by: 
	vhdlpp/Makefile.in:33
autoscan: warning: missing AC_TYPE_INT64_T wanted by: 
	vhdlpp/expression_elaborate.cc:76
	vhdlpp/vtype.cc:201
	vhdlpp/vtype.cc:206
	vhdlpp/vtype.cc:235
	vhdlpp/vtype.cc:255
	vhdlpp/vtype.cc:274
	vhdlpp/vtype.cc:274
	vhdlpp/vtype.h:293
	vhdlpp/vtype.h:293
	vhdlpp/vtype.h:299
	vhdlpp/vtype.h:300
	vhdlpp/vtype.h:305
	vhdlpp/expression.cc:160
	vhdlpp/expression.cc:165
	vhdlpp/expression.cc:572
	vhdlpp/expression.cc:581
	vhdlpp/std_funcs.cc:76
	vhdlpp/expression_emit.cc:148
	vhdlpp/expression_emit.cc:149
	vhdlpp/expression_emit.cc:188
	vhdlpp/expression_emit.cc:197
	vhdlpp/expression_emit.cc:201
	vhdlpp/expression_emit.cc:228
	vhdlpp/expression_emit.cc:245
	vhdlpp/expression_emit.cc:258
	vhdlpp/expression_emit.cc:285
	vhdlpp/expression_emit.cc:339
	vhdlpp/parse.y:219
	vhdlpp/expression.h:127
	vhdlpp/expression.h:128
	vhdlpp/expression.h:225
	vhdlpp/expression.h:226
	vhdlpp/expression.h:363
	vhdlpp/expression.h:390
	vhdlpp/expression.h:411
	vhdlpp/expression.h:433
	vhdlpp/expression.h:434
	vhdlpp/expression.h:634
	vhdlpp/expression.h:646
	vhdlpp/expression.h:651
	vhdlpp/expression.h:724
	vhdlpp/expression.h:856
	vhdlpp/expression.h:890
	vhdlpp/expression.h:1008
	vhdlpp/vhdlint.h:28
	vhdlpp/vhdlint.h:35
	vhdlpp/vhdlint.h:40
	vhdlpp/expression_evaluate.cc:28
	vhdlpp/expression_evaluate.cc:30
	vhdlpp/expression_evaluate.cc:67
	vhdlpp/expression_evaluate.cc:101
	vhdlpp/expression_evaluate.cc:104
	vhdlpp/expression_evaluate.cc:121
	vhdlpp/expression_evaluate.cc:134
	vhdlpp/expression_evaluate.cc:139
	vhdlpp/expression_evaluate.cc:171
	vhdlpp/expression_evaluate.cc:173
	vhdlpp/expression_evaluate.cc:192
	vhdlpp/expression_evaluate.cc:192
	vhdlpp/expression_evaluate.cc:195
	vhdlpp/expression_evaluate.cc:195
	vhdlpp/sequential_emit.cc:388
	vhdlpp/sequential_emit.cc:391
	vhdlpp/parse_misc.cc:146
	vhdlpp/vhdlint.cc:75
	vhdlpp/vhdlint.cc:85
autoscan: warning: missing AC_TYPE_UINT64_T wanted by: 
	vhdlpp/expression.cc:856
	vhdlpp/expression.h:1001
	vhdlpp/expression.h:1014
	vhdlpp/expression_evaluate.cc:186
	vhdlpp/expression_evaluate.cc:186
	vhdlpp/expression_evaluate.cc:189
	vhdlpp/expression_evaluate.cc:189
