This file contains any messages produced by compilers while
running configure, to aid debugging if configure makes a mistake.

It was created by configure, which was
generated by GNU Autoconf 2.69.  Invocation command line was

  $ ./configure 

## --------- ##
## Platform. ##
## --------- ##

hostname = kurerm
uname -m = x86_64
uname -r = 4.4.3-1-ARCH
uname -s = Linux
uname -v = #1 SMP PREEMPT Fri Feb 26 15:09:29 CET 2016

/usr/bin/uname -p = unknown
/bin/uname -X     = unknown

/bin/arch              = unknown
/usr/bin/arch -k       = unknown
/usr/convex/getsysinfo = unknown
/usr/bin/hostinfo      = unknown
/bin/machine           = unknown
/usr/bin/oslevel       = unknown
/bin/universe          = unknown

PATH: /usr/local/sbin
PATH: /usr/local/bin
PATH: /usr/sbin
PATH: /usr/bin
PATH: /sbin
PATH: /bin
PATH: /usr/games
PATH: /usr/bin/core_perl
PATH: /usr/bin/vendor_perl


## ----------- ##
## Core tests. ##
## ----------- ##

configure:2731: checking build system type
configure:2745: result: x86_64-unknown-linux-gnu
configure:2765: checking host system type
configure:2778: result: x86_64-unknown-linux-gnu
configure:2846: checking for gcc
configure:2862: found /usr/sbin/gcc
configure:2873: result: gcc
configure:3102: checking for C compiler version
configure:3111: gcc --version >&5
gcc (GCC) 5.3.0
Copyright (C) 2015 Free Software Foundation, Inc.
This is free software; see the source for copying conditions.  There is NO
warranty; not even for MERCHANTABILITY or FITNESS FOR A PARTICULAR PURPOSE.

configure:3122: $? = 0
configure:3111: gcc -v >&5
Using built-in specs.
COLLECT_GCC=gcc
COLLECT_LTO_WRAPPER=/usr/lib/gcc/x86_64-unknown-linux-gnu/5.3.0/lto-wrapper
Target: x86_64-unknown-linux-gnu
Configured with: /build/gcc/src/gcc-5-20160209/configure --prefix=/usr --libdir=/usr/lib --libexecdir=/usr/lib --mandir=/usr/share/man --infodir=/usr/share/info --with-bugurl=https://bugs.archlinux.org/ --enable-languages=c,c++,ada,fortran,go,lto,objc,obj-c++ --enable-shared --enable-threads=posix --enable-libmpx --with-system-zlib --with-isl --enable-__cxa_atexit --disable-libunwind-exceptions --enable-clocale=gnu --disable-libstdcxx-pch --disable-libssp --enable-gnu-unique-object --enable-linker-build-id --enable-lto --enable-plugin --enable-install-libiberty --with-linker-hash-style=gnu --enable-gnu-indirect-function --disable-multilib --disable-werror --enable-checking=release
Thread model: posix
gcc version 5.3.0 (GCC) 
configure:3122: $? = 0
configure:3111: gcc -V >&5
gcc: error: unrecognized command line option '-V'
gcc: fatal error: no input files
compilation terminated.
configure:3122: $? = 1
configure:3111: gcc -qversion >&5
gcc: error: unrecognized command line option '-qversion'
gcc: fatal error: no input files
compilation terminated.
configure:3122: $? = 1
configure:3142: checking whether the C compiler works
configure:3164: gcc    conftest.c  >&5
configure:3168: $? = 0
configure:3216: result: yes
configure:3219: checking for C compiler default output file name
configure:3221: result: a.out
configure:3227: checking for suffix of executables
configure:3234: gcc -o conftest    conftest.c  >&5
configure:3238: $? = 0
configure:3260: result: 
configure:3282: checking whether we are cross compiling
configure:3290: gcc -o conftest    conftest.c  >&5
configure:3294: $? = 0
configure:3301: ./conftest
configure:3305: $? = 0
configure:3320: result: no
configure:3325: checking for suffix of object files
configure:3347: gcc -c   conftest.c >&5
configure:3351: $? = 0
configure:3372: result: o
configure:3376: checking whether we are using the GNU C compiler
configure:3395: gcc -c   conftest.c >&5
configure:3395: $? = 0
configure:3404: result: yes
configure:3413: checking whether gcc accepts -g
configure:3433: gcc -c -g  conftest.c >&5
configure:3433: $? = 0
configure:3474: result: yes
configure:3491: checking for gcc option to accept ISO C89
configure:3554: gcc  -c -g -O2  conftest.c >&5
configure:3554: $? = 0
configure:3567: result: none needed
configure:3589: checking for gcc option to accept ISO C99
configure:3738: gcc  -c -g -O2  conftest.c >&5
configure:3738: $? = 0
configure:3751: result: none needed
configure:3824: checking for g++
configure:3840: found /usr/sbin/g++
configure:3851: result: g++
configure:3878: checking for C++ compiler version
configure:3887: g++ --version >&5
g++ (GCC) 5.3.0
Copyright (C) 2015 Free Software Foundation, Inc.
This is free software; see the source for copying conditions.  There is NO
warranty; not even for MERCHANTABILITY or FITNESS FOR A PARTICULAR PURPOSE.

configure:3898: $? = 0
configure:3887: g++ -v >&5
Using built-in specs.
COLLECT_GCC=g++
COLLECT_LTO_WRAPPER=/usr/lib/gcc/x86_64-unknown-linux-gnu/5.3.0/lto-wrapper
Target: x86_64-unknown-linux-gnu
Configured with: /build/gcc/src/gcc-5-20160209/configure --prefix=/usr --libdir=/usr/lib --libexecdir=/usr/lib --mandir=/usr/share/man --infodir=/usr/share/info --with-bugurl=https://bugs.archlinux.org/ --enable-languages=c,c++,ada,fortran,go,lto,objc,obj-c++ --enable-shared --enable-threads=posix --enable-libmpx --with-system-zlib --with-isl --enable-__cxa_atexit --disable-libunwind-exceptions --enable-clocale=gnu --disable-libstdcxx-pch --disable-libssp --enable-gnu-unique-object --enable-linker-build-id --enable-lto --enable-plugin --enable-install-libiberty --with-linker-hash-style=gnu --enable-gnu-indirect-function --disable-multilib --disable-werror --enable-checking=release
Thread model: posix
gcc version 5.3.0 (GCC) 
configure:3898: $? = 0
configure:3887: g++ -V >&5
g++: error: unrecognized command line option '-V'
g++: fatal error: no input files
compilation terminated.
configure:3898: $? = 1
configure:3887: g++ -qversion >&5
g++: error: unrecognized command line option '-qversion'
g++: fatal error: no input files
compilation terminated.
configure:3898: $? = 1
configure:3902: checking whether we are using the GNU C++ compiler
configure:3921: g++ -c   conftest.cpp >&5
configure:3921: $? = 0
configure:3930: result: yes
configure:3939: checking whether g++ accepts -g
configure:3959: g++ -c -g  conftest.cpp >&5
configure:3959: $? = 0
configure:4000: result: yes
configure:4066: checking for ranlib
configure:4082: found /usr/sbin/ranlib
configure:4093: result: ranlib
configure:4158: checking for ld
configure:4174: found /usr/sbin/ld
configure:4185: result: ld
configure:4250: checking for ar
configure:4266: found /usr/sbin/ar
configure:4277: result: ar
configure:4342: checking for dlltool
configure:4372: result: no
configure:4434: checking for strip
configure:4450: found /usr/sbin/strip
configure:4461: result: strip
configure:4526: checking for windres
configure:4556: result: no
configure:4579: checking for gperf
configure:4595: found /usr/sbin/gperf
configure:4606: result: gperf
configure:4622: checking for man
configure:4638: found /usr/sbin/man
configure:4649: result: man
configure:4665: checking for ps2pdf
configure:4681: found /usr/sbin/ps2pdf
configure:4692: result: ps2pdf
configure:4708: checking for git
configure:4724: found /usr/sbin/git
configure:4735: result: git
configure:4762: checking for flex
configure:4778: found /usr/sbin/flex
configure:4789: result: flex
configure:4812: checking for bison
configure:4828: found /usr/sbin/bison
configure:4839: result: bison
configure:4874: checking how to run the C preprocessor
configure:4905: gcc -E  conftest.c
configure:4905: $? = 0
configure:4919: gcc -E  conftest.c
conftest.c:9:28: fatal error: ac_nonexistent.h: No such file or directory
compilation terminated.
configure:4919: $? = 1
configure: failed program was:
| /* confdefs.h */
| #define PACKAGE_NAME ""
| #define PACKAGE_TARNAME ""
| #define PACKAGE_VERSION ""
| #define PACKAGE_STRING ""
| #define PACKAGE_BUGREPORT ""
| #define PACKAGE_URL ""
| /* end confdefs.h.  */
| #include <ac_nonexistent.h>
configure:4944: result: gcc -E
configure:4964: gcc -E  conftest.c
configure:4964: $? = 0
configure:4978: gcc -E  conftest.c
conftest.c:9:28: fatal error: ac_nonexistent.h: No such file or directory
compilation terminated.
configure:4978: $? = 1
configure: failed program was:
| /* confdefs.h */
| #define PACKAGE_NAME ""
| #define PACKAGE_TARNAME ""
| #define PACKAGE_VERSION ""
| #define PACKAGE_STRING ""
| #define PACKAGE_BUGREPORT ""
| #define PACKAGE_URL ""
| /* end confdefs.h.  */
| #include <ac_nonexistent.h>
configure:5007: checking for grep that handles long lines and -e
configure:5065: result: /usr/sbin/grep
configure:5070: checking for egrep
configure:5132: result: /usr/sbin/grep -E
configure:5137: checking for ANSI C header files
configure:5157: gcc -c -g -O2  conftest.c >&5
configure:5157: $? = 0
configure:5230: gcc -o conftest -g -O2   conftest.c  >&5
configure:5230: $? = 0
configure:5230: ./conftest
configure:5230: $? = 0
configure:5241: result: yes
configure:5254: checking for sys/types.h
configure:5254: gcc -c -g -O2  conftest.c >&5
configure:5254: $? = 0
configure:5254: result: yes
configure:5254: checking for sys/stat.h
configure:5254: gcc -c -g -O2  conftest.c >&5
configure:5254: $? = 0
configure:5254: result: yes
configure:5254: checking for stdlib.h
configure:5254: gcc -c -g -O2  conftest.c >&5
configure:5254: $? = 0
configure:5254: result: yes
configure:5254: checking for string.h
configure:5254: gcc -c -g -O2  conftest.c >&5
configure:5254: $? = 0
configure:5254: result: yes
configure:5254: checking for memory.h
configure:5254: gcc -c -g -O2  conftest.c >&5
configure:5254: $? = 0
configure:5254: result: yes
configure:5254: checking for strings.h
configure:5254: gcc -c -g -O2  conftest.c >&5
configure:5254: $? = 0
configure:5254: result: yes
configure:5254: checking for inttypes.h
configure:5254: gcc -c -g -O2  conftest.c >&5
configure:5254: $? = 0
configure:5254: result: yes
configure:5254: checking for stdint.h
configure:5254: gcc -c -g -O2  conftest.c >&5
configure:5254: $? = 0
configure:5254: result: yes
configure:5254: checking for unistd.h
configure:5254: gcc -c -g -O2  conftest.c >&5
configure:5254: $? = 0
configure:5254: result: yes
configure:5266: checking whether __SUNPRO_C is declared
configure:5266: gcc -c -g -O2  conftest.c >&5
conftest.c: In function 'main':
conftest.c:59:10: error: '__SUNPRO_C' undeclared (first use in this function)
   (void) __SUNPRO_C;
          ^
conftest.c:59:10: note: each undeclared identifier is reported only once for each function it appears in
configure:5266: $? = 1
configure: failed program was:
| /* confdefs.h */
| #define PACKAGE_NAME ""
| #define PACKAGE_TARNAME ""
| #define PACKAGE_VERSION ""
| #define PACKAGE_STRING ""
| #define PACKAGE_BUGREPORT ""
| #define PACKAGE_URL ""
| #define STDC_HEADERS 1
| #define HAVE_SYS_TYPES_H 1
| #define HAVE_SYS_STAT_H 1
| #define HAVE_STDLIB_H 1
| #define HAVE_STRING_H 1
| #define HAVE_MEMORY_H 1
| #define HAVE_STRINGS_H 1
| #define HAVE_INTTYPES_H 1
| #define HAVE_STDINT_H 1
| #define HAVE_UNISTD_H 1
| /* end confdefs.h.  */
| #include <stdio.h>
| #ifdef HAVE_SYS_TYPES_H
| # include <sys/types.h>
| #endif
| #ifdef HAVE_SYS_STAT_H
| # include <sys/stat.h>
| #endif
| #ifdef STDC_HEADERS
| # include <stdlib.h>
| # include <stddef.h>
| #else
| # ifdef HAVE_STDLIB_H
| #  include <stdlib.h>
| # endif
| #endif
| #ifdef HAVE_STRING_H
| # if !defined STDC_HEADERS && defined HAVE_MEMORY_H
| #  include <memory.h>
| # endif
| # include <string.h>
| #endif
| #ifdef HAVE_STRINGS_H
| # include <strings.h>
| #endif
| #ifdef HAVE_INTTYPES_H
| # include <inttypes.h>
| #endif
| #ifdef HAVE_STDINT_H
| # include <stdint.h>
| #endif
| #ifdef HAVE_UNISTD_H
| # include <unistd.h>
| #endif
| int
| main ()
| {
| #ifndef __SUNPRO_C
| #ifdef __cplusplus
|   (void) __SUNPRO_C;
| #else
|   (void) __SUNPRO_C;
| #endif
| #endif
| 
|   ;
|   return 0;
| }
configure:5266: result: no
configure:5285: checking if gcc supports -Wextra
configure:5298: gcc -c -Wextra -g -O2  conftest.c >&5
configure:5298: $? = 0
configure:5299: result: yes
configure:5349: checking whether __SUNPRO_CC is declared
configure:5349: g++ -c  -g -O2  conftest.cpp >&5
conftest.cpp: In function 'int main()':
conftest.cpp:57:10: error: '__SUNPRO_CC' was not declared in this scope
   (void) __SUNPRO_CC;
          ^
configure:5349: $? = 1
configure: failed program was:
| /* confdefs.h */
| #define PACKAGE_NAME ""
| #define PACKAGE_TARNAME ""
| #define PACKAGE_VERSION ""
| #define PACKAGE_STRING ""
| #define PACKAGE_BUGREPORT ""
| #define PACKAGE_URL ""
| #define STDC_HEADERS 1
| #define HAVE_SYS_TYPES_H 1
| #define HAVE_SYS_STAT_H 1
| #define HAVE_STDLIB_H 1
| #define HAVE_STRING_H 1
| #define HAVE_MEMORY_H 1
| #define HAVE_STRINGS_H 1
| #define HAVE_INTTYPES_H 1
| #define HAVE_STDINT_H 1
| #define HAVE_UNISTD_H 1
| /* end confdefs.h.  */
| #include <stdio.h>
| #ifdef HAVE_SYS_TYPES_H
| # include <sys/types.h>
| #endif
| #ifdef HAVE_SYS_STAT_H
| # include <sys/stat.h>
| #endif
| #ifdef STDC_HEADERS
| # include <stdlib.h>
| # include <stddef.h>
| #else
| # ifdef HAVE_STDLIB_H
| #  include <stdlib.h>
| # endif
| #endif
| #ifdef HAVE_STRING_H
| # if !defined STDC_HEADERS && defined HAVE_MEMORY_H
| #  include <memory.h>
| # endif
| # include <string.h>
| #endif
| #ifdef HAVE_STRINGS_H
| # include <strings.h>
| #endif
| #ifdef HAVE_INTTYPES_H
| # include <inttypes.h>
| #endif
| #ifdef HAVE_STDINT_H
| # include <stdint.h>
| #endif
| #ifdef HAVE_UNISTD_H
| # include <unistd.h>
| #endif
| int
| main ()
| {
| #ifndef __SUNPRO_CC
| #ifdef __cplusplus
|   (void) __SUNPRO_CC;
| #else
|   (void) __SUNPRO_CC;
| #endif
| #endif
| 
|   ;
|   return 0;
| }
configure:5349: result: no
configure:5381: checking how to run the C++ preprocessor
configure:5408: g++ -E  conftest.cpp
configure:5408: $? = 0
configure:5422: g++ -E  conftest.cpp
conftest.cpp:19:28: fatal error: ac_nonexistent.h: No such file or directory
compilation terminated.
configure:5422: $? = 1
configure: failed program was:
| /* confdefs.h */
| #define PACKAGE_NAME ""
| #define PACKAGE_TARNAME ""
| #define PACKAGE_VERSION ""
| #define PACKAGE_STRING ""
| #define PACKAGE_BUGREPORT ""
| #define PACKAGE_URL ""
| #define STDC_HEADERS 1
| #define HAVE_SYS_TYPES_H 1
| #define HAVE_SYS_STAT_H 1
| #define HAVE_STDLIB_H 1
| #define HAVE_STRING_H 1
| #define HAVE_MEMORY_H 1
| #define HAVE_STRINGS_H 1
| #define HAVE_INTTYPES_H 1
| #define HAVE_STDINT_H 1
| #define HAVE_UNISTD_H 1
| /* end confdefs.h.  */
| #include <ac_nonexistent.h>
configure:5447: result: g++ -E
configure:5467: g++ -E  conftest.cpp
configure:5467: $? = 0
configure:5481: g++ -E  conftest.cpp
conftest.cpp:19:28: fatal error: ac_nonexistent.h: No such file or directory
compilation terminated.
configure:5481: $? = 1
configure: failed program was:
| /* confdefs.h */
| #define PACKAGE_NAME ""
| #define PACKAGE_TARNAME ""
| #define PACKAGE_VERSION ""
| #define PACKAGE_STRING ""
| #define PACKAGE_BUGREPORT ""
| #define PACKAGE_URL ""
| #define STDC_HEADERS 1
| #define HAVE_SYS_TYPES_H 1
| #define HAVE_SYS_STAT_H 1
| #define HAVE_STDLIB_H 1
| #define HAVE_STRING_H 1
| #define HAVE_MEMORY_H 1
| #define HAVE_STRINGS_H 1
| #define HAVE_INTTYPES_H 1
| #define HAVE_STDINT_H 1
| #define HAVE_UNISTD_H 1
| /* end confdefs.h.  */
| #include <ac_nonexistent.h>
configure:5513: checking getopt.h usability
configure:5513: g++ -c -DHAVE_DECL_BASENAME  -g -O2  conftest.cpp >&5
configure:5513: $? = 0
configure:5513: result: yes
configure:5513: checking getopt.h presence
configure:5513: g++ -E  conftest.cpp
configure:5513: $? = 0
configure:5513: result: yes
configure:5513: checking for getopt.h
configure:5513: result: yes
configure:5513: checking for inttypes.h
configure:5513: result: yes
configure:5513: checking libiberty.h usability
configure:5513: g++ -c -DHAVE_DECL_BASENAME  -g -O2  conftest.cpp >&5
conftest.cpp:54:23: fatal error: libiberty.h: No such file or directory
compilation terminated.
configure:5513: $? = 1
configure: failed program was:
| /* confdefs.h */
| #define PACKAGE_NAME ""
| #define PACKAGE_TARNAME ""
| #define PACKAGE_VERSION ""
| #define PACKAGE_STRING ""
| #define PACKAGE_BUGREPORT ""
| #define PACKAGE_URL ""
| #define STDC_HEADERS 1
| #define HAVE_SYS_TYPES_H 1
| #define HAVE_SYS_STAT_H 1
| #define HAVE_STDLIB_H 1
| #define HAVE_STRING_H 1
| #define HAVE_MEMORY_H 1
| #define HAVE_STRINGS_H 1
| #define HAVE_INTTYPES_H 1
| #define HAVE_STDINT_H 1
| #define HAVE_UNISTD_H 1
| #define HAVE_GETOPT_H 1
| #define HAVE_INTTYPES_H 1
| /* end confdefs.h.  */
| #include <stdio.h>
| #ifdef HAVE_SYS_TYPES_H
| # include <sys/types.h>
| #endif
| #ifdef HAVE_SYS_STAT_H
| # include <sys/stat.h>
| #endif
| #ifdef STDC_HEADERS
| # include <stdlib.h>
| # include <stddef.h>
| #else
| # ifdef HAVE_STDLIB_H
| #  include <stdlib.h>
| # endif
| #endif
| #ifdef HAVE_STRING_H
| # if !defined STDC_HEADERS && defined HAVE_MEMORY_H
| #  include <memory.h>
| # endif
| # include <string.h>
| #endif
| #ifdef HAVE_STRINGS_H
| # include <strings.h>
| #endif
| #ifdef HAVE_INTTYPES_H
| # include <inttypes.h>
| #endif
| #ifdef HAVE_STDINT_H
| # include <stdint.h>
| #endif
| #ifdef HAVE_UNISTD_H
| # include <unistd.h>
| #endif
| #include <libiberty.h>
configure:5513: result: no
configure:5513: checking libiberty.h presence
configure:5513: g++ -E  conftest.cpp
conftest.cpp:21:23: fatal error: libiberty.h: No such file or directory
compilation terminated.
configure:5513: $? = 1
configure: failed program was:
| /* confdefs.h */
| #define PACKAGE_NAME ""
| #define PACKAGE_TARNAME ""
| #define PACKAGE_VERSION ""
| #define PACKAGE_STRING ""
| #define PACKAGE_BUGREPORT ""
| #define PACKAGE_URL ""
| #define STDC_HEADERS 1
| #define HAVE_SYS_TYPES_H 1
| #define HAVE_SYS_STAT_H 1
| #define HAVE_STDLIB_H 1
| #define HAVE_STRING_H 1
| #define HAVE_MEMORY_H 1
| #define HAVE_STRINGS_H 1
| #define HAVE_INTTYPES_H 1
| #define HAVE_STDINT_H 1
| #define HAVE_UNISTD_H 1
| #define HAVE_GETOPT_H 1
| #define HAVE_INTTYPES_H 1
| /* end confdefs.h.  */
| #include <libiberty.h>
configure:5513: result: no
configure:5513: checking for libiberty.h
configure:5513: result: no
configure:5513: checking iosfwd usability
configure:5513: g++ -c -DHAVE_DECL_BASENAME  -g -O2  conftest.cpp >&5
configure:5513: $? = 0
configure:5513: result: yes
configure:5513: checking iosfwd presence
configure:5513: g++ -E  conftest.cpp
configure:5513: $? = 0
configure:5513: result: yes
configure:5513: checking for iosfwd
configure:5513: result: yes
configure:5513: checking sys/wait.h usability
configure:5513: g++ -c -DHAVE_DECL_BASENAME  -g -O2  conftest.cpp >&5
configure:5513: $? = 0
configure:5513: result: yes
configure:5513: checking sys/wait.h presence
configure:5513: g++ -E  conftest.cpp
configure:5513: $? = 0
configure:5513: result: yes
configure:5513: checking for sys/wait.h
configure:5513: result: yes
configure:5529: checking size of unsigned long long
configure:5534: g++ -o conftest  -g -O2    conftest.cpp  >&5
configure:5534: $? = 0
configure:5534: ./conftest
configure:5534: $? = 0
configure:5548: result: 8
configure:5562: checking size of unsigned long
configure:5567: g++ -o conftest  -g -O2    conftest.cpp  >&5
configure:5567: $? = 0
configure:5567: ./conftest
configure:5567: $? = 0
configure:5581: result: 8
configure:5595: checking size of unsigned
configure:5600: g++ -o conftest  -g -O2    conftest.cpp  >&5
configure:5600: $? = 0
configure:5600: ./conftest
configure:5600: $? = 0
configure:5614: result: 4
configure:5626: checking for tputs in -ltermcap
configure:5651: g++ -o conftest  -g -O2    conftest.cpp -ltermcap   >&5
/usr/sbin/ld: cannot find -ltermcap
collect2: error: ld returned 1 exit status
configure:5651: $? = 1
configure: failed program was:
| /* confdefs.h */
| #define PACKAGE_NAME ""
| #define PACKAGE_TARNAME ""
| #define PACKAGE_VERSION ""
| #define PACKAGE_STRING ""
| #define PACKAGE_BUGREPORT ""
| #define PACKAGE_URL ""
| #define STDC_HEADERS 1
| #define HAVE_SYS_TYPES_H 1
| #define HAVE_SYS_STAT_H 1
| #define HAVE_STDLIB_H 1
| #define HAVE_STRING_H 1
| #define HAVE_MEMORY_H 1
| #define HAVE_STRINGS_H 1
| #define HAVE_INTTYPES_H 1
| #define HAVE_STDINT_H 1
| #define HAVE_UNISTD_H 1
| #define HAVE_GETOPT_H 1
| #define HAVE_INTTYPES_H 1
| #define HAVE_IOSFWD 1
| #define HAVE_SYS_WAIT_H 1
| #define SIZEOF_UNSIGNED_LONG_LONG 8
| #define SIZEOF_UNSIGNED_LONG 8
| #define SIZEOF_UNSIGNED 4
| /* end confdefs.h.  */
| 
| /* Override any GCC internal prototype to avoid an error.
|    Use char because int might match the return type of a GCC
|    builtin and then its argument prototype would still apply.  */
| #ifdef __cplusplus
| extern "C"
| #endif
| char tputs ();
| int
| main ()
| {
| return tputs ();
|   ;
|   return 0;
| }
configure:5660: result: no
configure:5671: checking for readline in -lreadline
configure:5696: g++ -o conftest  -g -O2    conftest.cpp -lreadline   >&5
configure:5696: $? = 0
configure:5705: result: yes
configure:5716: checking for add_history in -lhistory
configure:5741: g++ -o conftest  -g -O2    conftest.cpp -lhistory  -lreadline  >&5
configure:5741: $? = 0
configure:5750: result: yes
configure:5764: checking readline/readline.h usability
configure:5764: g++ -c  -g -O2  conftest.cpp >&5
configure:5764: $? = 0
configure:5764: result: yes
configure:5764: checking readline/readline.h presence
configure:5764: g++ -E  conftest.cpp
configure:5764: $? = 0
configure:5764: result: yes
configure:5764: checking for readline/readline.h
configure:5764: result: yes
configure:5764: checking readline/history.h usability
configure:5764: g++ -c  -g -O2  conftest.cpp >&5
configure:5764: $? = 0
configure:5764: result: yes
configure:5764: checking readline/history.h presence
configure:5764: g++ -E  conftest.cpp
configure:5764: $? = 0
configure:5764: result: yes
configure:5764: checking for readline/history.h
configure:5764: result: yes
configure:5764: checking sys/resource.h usability
configure:5764: g++ -c  -g -O2  conftest.cpp >&5
configure:5764: $? = 0
configure:5764: result: yes
configure:5764: checking sys/resource.h presence
configure:5764: g++ -E  conftest.cpp
configure:5764: $? = 0
configure:5764: result: yes
configure:5764: checking for sys/resource.h
configure:5764: result: yes
configure:5779: checking for pthread_create in -lpthread
configure:5804: g++ -o conftest  -g -O2    conftest.cpp -lpthread  -lhistory -lreadline  >&5
configure:5804: $? = 0
configure:5813: result: yes
configure:5824: checking for gzwrite in -lz
configure:5849: g++ -o conftest  -g -O2    conftest.cpp -lz  -lpthread -lhistory -lreadline  >&5
configure:5849: $? = 0
configure:5858: result: yes
configure:5869: checking for gzwrite in -lz
configure:5903: result: yes
configure:5989: checking for BZ2_bzdopen in -lbz2
configure:6014: g++ -o conftest  -g -O2    conftest.cpp -lbz2  -lz -lpthread -lhistory -lreadline  >&5
configure:6014: $? = 0
configure:6023: result: yes
configure:6034: checking for BZ2_bzdopen in -lbz2
configure:6068: result: yes
configure:6081: checking for size_t
configure:6081: g++ -c  -g -O2  conftest.cpp >&5
configure:6081: $? = 0
configure:6081: g++ -c  -g -O2  conftest.cpp >&5
conftest.cpp: In function 'int main()':
conftest.cpp:71:20: error: expected primary-expression before ')' token
 if (sizeof ((size_t)))
                    ^
configure:6081: $? = 1
configure: failed program was:
| /* confdefs.h */
| #define PACKAGE_NAME ""
| #define PACKAGE_TARNAME ""
| #define PACKAGE_VERSION ""
| #define PACKAGE_STRING ""
| #define PACKAGE_BUGREPORT ""
| #define PACKAGE_URL ""
| #define STDC_HEADERS 1
| #define HAVE_SYS_TYPES_H 1
| #define HAVE_SYS_STAT_H 1
| #define HAVE_STDLIB_H 1
| #define HAVE_STRING_H 1
| #define HAVE_MEMORY_H 1
| #define HAVE_STRINGS_H 1
| #define HAVE_INTTYPES_H 1
| #define HAVE_STDINT_H 1
| #define HAVE_UNISTD_H 1
| #define HAVE_GETOPT_H 1
| #define HAVE_INTTYPES_H 1
| #define HAVE_IOSFWD 1
| #define HAVE_SYS_WAIT_H 1
| #define SIZEOF_UNSIGNED_LONG_LONG 8
| #define SIZEOF_UNSIGNED_LONG 8
| #define SIZEOF_UNSIGNED 4
| #define HAVE_LIBREADLINE 1
| #define HAVE_LIBHISTORY 1
| #define HAVE_READLINE_READLINE_H 1
| #define HAVE_READLINE_HISTORY_H 1
| #define HAVE_SYS_RESOURCE_H 1
| #define LINUX 1
| #define HAVE_LIBPTHREAD 1
| #define HAVE_LIBZ 1
| #define HAVE_LIBBZ2 1
| /* end confdefs.h.  */
| #include <stdio.h>
| #ifdef HAVE_SYS_TYPES_H
| # include <sys/types.h>
| #endif
| #ifdef HAVE_SYS_STAT_H
| # include <sys/stat.h>
| #endif
| #ifdef STDC_HEADERS
| # include <stdlib.h>
| # include <stddef.h>
| #else
| # ifdef HAVE_STDLIB_H
| #  include <stdlib.h>
| # endif
| #endif
| #ifdef HAVE_STRING_H
| # if !defined STDC_HEADERS && defined HAVE_MEMORY_H
| #  include <memory.h>
| # endif
| # include <string.h>
| #endif
| #ifdef HAVE_STRINGS_H
| # include <strings.h>
| #endif
| #ifdef HAVE_INTTYPES_H
| # include <inttypes.h>
| #endif
| #ifdef HAVE_STDINT_H
| # include <stdint.h>
| #endif
| #ifdef HAVE_UNISTD_H
| # include <unistd.h>
| #endif
| int
| main ()
| {
| if (sizeof ((size_t)))
| 	    return 0;
|   ;
|   return 0;
| }
configure:6081: result: yes
configure:6094: checking for working alloca.h
configure:6111: g++ -o conftest  -g -O2    conftest.cpp -lbz2 -lz -lpthread -lhistory -lreadline  >&5
configure:6111: $? = 0
configure:6119: result: yes
configure:6127: checking for alloca
configure:6164: g++ -o conftest  -g -O2    conftest.cpp -lbz2 -lz -lpthread -lhistory -lreadline  >&5
configure:6164: $? = 0
configure:6172: result: yes
configure:6278: checking for _LARGEFILE_SOURCE value needed for large files
configure:6297: g++ -o conftest  -g -O2    conftest.cpp -lbz2 -lz -lpthread -lhistory -lreadline  >&5
configure:6297: $? = 0
configure:6325: result: no
configure:6358: Not using valgrind hooks
configure:6373: checking for sys/times
configure:6388: g++ -o conftest  -g -O2    conftest.cpp -lbz2 -lz -lpthread -lhistory -lreadline  >&5
configure:6388: $? = 0
configure:6399: result: yes
configure:6409: checking dlfcn.h usability
configure:6409: g++ -c  -g -O2  conftest.cpp >&5
configure:6409: $? = 0
configure:6409: result: yes
configure:6409: checking dlfcn.h presence
configure:6409: g++ -E  conftest.cpp
configure:6409: $? = 0
configure:6409: result: yes
configure:6409: checking for dlfcn.h
configure:6409: result: yes
configure:6421: checking for dlopen in -ldl
configure:6446: g++ -o conftest  -g -O2    conftest.cpp -ldl  -lbz2 -lz -lpthread -lhistory -lreadline  >&5
configure:6446: $? = 0
configure:6455: result: yes
configure:6524: checking for a BSD-compatible install
configure:6592: result: /usr/bin/install -c
configure:6610: checking whether byte ordering is bigendian
configure:6625: gcc -c  -g -O2  conftest.c >&5
conftest.c:41:9: error: unknown type name 'not'
         not a universal capable compiler
         ^
conftest.c:41:15: error: expected '=', ',', ';', 'asm' or '__attribute__' before 'universal'
         not a universal capable compiler
               ^
conftest.c:41:15: error: unknown type name 'universal'
configure:6625: $? = 1
configure: failed program was:
| /* confdefs.h */
| #define PACKAGE_NAME ""
| #define PACKAGE_TARNAME ""
| #define PACKAGE_VERSION ""
| #define PACKAGE_STRING ""
| #define PACKAGE_BUGREPORT ""
| #define PACKAGE_URL ""
| #define STDC_HEADERS 1
| #define HAVE_SYS_TYPES_H 1
| #define HAVE_SYS_STAT_H 1
| #define HAVE_STDLIB_H 1
| #define HAVE_STRING_H 1
| #define HAVE_MEMORY_H 1
| #define HAVE_STRINGS_H 1
| #define HAVE_INTTYPES_H 1
| #define HAVE_STDINT_H 1
| #define HAVE_UNISTD_H 1
| #define HAVE_GETOPT_H 1
| #define HAVE_INTTYPES_H 1
| #define HAVE_IOSFWD 1
| #define HAVE_SYS_WAIT_H 1
| #define SIZEOF_UNSIGNED_LONG_LONG 8
| #define SIZEOF_UNSIGNED_LONG 8
| #define SIZEOF_UNSIGNED 4
| #define HAVE_LIBREADLINE 1
| #define HAVE_LIBHISTORY 1
| #define HAVE_READLINE_READLINE_H 1
| #define HAVE_READLINE_HISTORY_H 1
| #define HAVE_SYS_RESOURCE_H 1
| #define LINUX 1
| #define HAVE_LIBPTHREAD 1
| #define HAVE_LIBZ 1
| #define HAVE_LIBBZ2 1
| #define HAVE_ALLOCA_H 1
| #define HAVE_ALLOCA 1
| #define HAVE_FSEEKO 1
| #define HAVE_TIMES 1
| #define HAVE_DLFCN_H 1
| /* end confdefs.h.  */
| #ifndef __APPLE_CC__
| 	       not a universal capable compiler
| 	     #endif
| 	     typedef int dummy;
| 
configure:6670: gcc -c  -g -O2  conftest.c >&5
configure:6670: $? = 0
configure:6688: gcc -c  -g -O2  conftest.c >&5
conftest.c: In function 'main':
conftest.c:47:4: error: unknown type name 'not'
    not big endian
    ^
conftest.c:47:12: error: expected '=', ',', ';', 'asm' or '__attribute__' before 'endian'
    not big endian
            ^
configure:6688: $? = 1
configure: failed program was:
| /* confdefs.h */
| #define PACKAGE_NAME ""
| #define PACKAGE_TARNAME ""
| #define PACKAGE_VERSION ""
| #define PACKAGE_STRING ""
| #define PACKAGE_BUGREPORT ""
| #define PACKAGE_URL ""
| #define STDC_HEADERS 1
| #define HAVE_SYS_TYPES_H 1
| #define HAVE_SYS_STAT_H 1
| #define HAVE_STDLIB_H 1
| #define HAVE_STRING_H 1
| #define HAVE_MEMORY_H 1
| #define HAVE_STRINGS_H 1
| #define HAVE_INTTYPES_H 1
| #define HAVE_STDINT_H 1
| #define HAVE_UNISTD_H 1
| #define HAVE_GETOPT_H 1
| #define HAVE_INTTYPES_H 1
| #define HAVE_IOSFWD 1
| #define HAVE_SYS_WAIT_H 1
| #define SIZEOF_UNSIGNED_LONG_LONG 8
| #define SIZEOF_UNSIGNED_LONG 8
| #define SIZEOF_UNSIGNED 4
| #define HAVE_LIBREADLINE 1
| #define HAVE_LIBHISTORY 1
| #define HAVE_READLINE_READLINE_H 1
| #define HAVE_READLINE_HISTORY_H 1
| #define HAVE_SYS_RESOURCE_H 1
| #define LINUX 1
| #define HAVE_LIBPTHREAD 1
| #define HAVE_LIBZ 1
| #define HAVE_LIBBZ2 1
| #define HAVE_ALLOCA_H 1
| #define HAVE_ALLOCA 1
| #define HAVE_FSEEKO 1
| #define HAVE_TIMES 1
| #define HAVE_DLFCN_H 1
| /* end confdefs.h.  */
| #include <sys/types.h>
| 		#include <sys/param.h>
| 
| int
| main ()
| {
| #if BYTE_ORDER != BIG_ENDIAN
| 		 not big endian
| 		#endif
| 
|   ;
|   return 0;
| }
configure:6816: result: no
configure:6878: checking for realpath
configure:6878: gcc -o conftest  -g -O2    conftest.c -lbz2 -lz -lpthread -lhistory -lreadline  >&5
configure:6878: $? = 0
configure:6878: result: yes
configure:6892: checking for fopen64
configure:6892: gcc -o conftest  -g -O2    conftest.c -lbz2 -lz -lpthread -lhistory -lreadline  >&5
configure:6892: $? = 0
configure:6892: result: yes
configure:6905: checking for library containing lround
configure:6936: gcc -o conftest  -g -O2    conftest.c -lbz2 -lz -lpthread -lhistory -lreadline  >&5
conftest.c:50:6: warning: conflicting types for built-in function 'lround'
 char lround ();
      ^
/tmp/cc1fokum.o: In function `main':
/home/florian/repos/git/parse_vhdl/conftest.c:54: undefined reference to `lround'
collect2: error: ld returned 1 exit status
configure:6936: $? = 1
configure: failed program was:
| /* confdefs.h */
| #define PACKAGE_NAME ""
| #define PACKAGE_TARNAME ""
| #define PACKAGE_VERSION ""
| #define PACKAGE_STRING ""
| #define PACKAGE_BUGREPORT ""
| #define PACKAGE_URL ""
| #define STDC_HEADERS 1
| #define HAVE_SYS_TYPES_H 1
| #define HAVE_SYS_STAT_H 1
| #define HAVE_STDLIB_H 1
| #define HAVE_STRING_H 1
| #define HAVE_MEMORY_H 1
| #define HAVE_STRINGS_H 1
| #define HAVE_INTTYPES_H 1
| #define HAVE_STDINT_H 1
| #define HAVE_UNISTD_H 1
| #define HAVE_GETOPT_H 1
| #define HAVE_INTTYPES_H 1
| #define HAVE_IOSFWD 1
| #define HAVE_SYS_WAIT_H 1
| #define SIZEOF_UNSIGNED_LONG_LONG 8
| #define SIZEOF_UNSIGNED_LONG 8
| #define SIZEOF_UNSIGNED 4
| #define HAVE_LIBREADLINE 1
| #define HAVE_LIBHISTORY 1
| #define HAVE_READLINE_READLINE_H 1
| #define HAVE_READLINE_HISTORY_H 1
| #define HAVE_SYS_RESOURCE_H 1
| #define LINUX 1
| #define HAVE_LIBPTHREAD 1
| #define HAVE_LIBZ 1
| #define HAVE_LIBBZ2 1
| #define HAVE_ALLOCA_H 1
| #define HAVE_ALLOCA 1
| #define HAVE_FSEEKO 1
| #define HAVE_TIMES 1
| #define HAVE_DLFCN_H 1
| #define _LARGEFILE_SOURCE 1
| #define HAVE_REALPATH 1
| #define HAVE_FOPEN64 1
| /* end confdefs.h.  */
| 
| /* Override any GCC internal prototype to avoid an error.
|    Use char because int might match the return type of a GCC
|    builtin and then its argument prototype would still apply.  */
| #ifdef __cplusplus
| extern "C"
| #endif
| char lround ();
| int
| main ()
| {
| return lround ();
|   ;
|   return 0;
| }
configure:6936: gcc -o conftest  -g -O2    conftest.c -lm  -lbz2 -lz -lpthread -lhistory -lreadline  >&5
conftest.c:50:6: warning: conflicting types for built-in function 'lround'
 char lround ();
      ^
configure:6936: $? = 0
configure:6953: result: -lm
configure:6962: checking for library containing llround
configure:6993: gcc -o conftest  -g -O2    conftest.c -lm -lbz2 -lz -lpthread -lhistory -lreadline  >&5
conftest.c:51:6: warning: conflicting types for built-in function 'llround'
 char llround ();
      ^
configure:6993: $? = 0
configure:7010: result: none required
configure:7019: checking for library containing nan
configure:7050: gcc -o conftest  -g -O2    conftest.c -lm -lbz2 -lz -lpthread -lhistory -lreadline  >&5
conftest.c:52:6: warning: conflicting types for built-in function 'nan'
 char nan ();
      ^
configure:7050: $? = 0
configure:7067: result: none required
configure:7076: checking for library containing fmin
configure:7107: gcc -o conftest  -g -O2    conftest.c -lm -lbz2 -lz -lpthread -lhistory -lreadline  >&5
conftest.c:53:6: warning: conflicting types for built-in function 'fmin'
 char fmin ();
      ^
configure:7107: $? = 0
configure:7124: result: none required
configure:7133: checking for library containing fmax
configure:7164: gcc -o conftest  -g -O2    conftest.c -lm -lbz2 -lz -lpthread -lhistory -lreadline  >&5
conftest.c:54:6: warning: conflicting types for built-in function 'fmax'
 char fmax ();
      ^
configure:7164: $? = 0
configure:7181: result: none required
configure:7204: checking if uint64_t and unsigned long are identical
configure:7229: g++ -c  -g -O2  conftest.cpp >&5
conftest.cpp: In function 'bool check(uint64_t)':
conftest.cpp:53:13: error: redefinition of 'bool check(uint64_t)'
 static bool check(uint64_t val)
             ^
conftest.cpp:49:13: note: 'bool check(long unsigned int)' previously defined here
 static bool check(unsigned long val)
             ^
configure:7229: $? = 1
configure: failed program was:
| /* confdefs.h */
| #define PACKAGE_NAME ""
| #define PACKAGE_TARNAME ""
| #define PACKAGE_VERSION ""
| #define PACKAGE_STRING ""
| #define PACKAGE_BUGREPORT ""
| #define PACKAGE_URL ""
| #define STDC_HEADERS 1
| #define HAVE_SYS_TYPES_H 1
| #define HAVE_SYS_STAT_H 1
| #define HAVE_STDLIB_H 1
| #define HAVE_STRING_H 1
| #define HAVE_MEMORY_H 1
| #define HAVE_STRINGS_H 1
| #define HAVE_INTTYPES_H 1
| #define HAVE_STDINT_H 1
| #define HAVE_UNISTD_H 1
| #define HAVE_GETOPT_H 1
| #define HAVE_INTTYPES_H 1
| #define HAVE_IOSFWD 1
| #define HAVE_SYS_WAIT_H 1
| #define SIZEOF_UNSIGNED_LONG_LONG 8
| #define SIZEOF_UNSIGNED_LONG 8
| #define SIZEOF_UNSIGNED 4
| #define HAVE_LIBREADLINE 1
| #define HAVE_LIBHISTORY 1
| #define HAVE_READLINE_READLINE_H 1
| #define HAVE_READLINE_HISTORY_H 1
| #define HAVE_SYS_RESOURCE_H 1
| #define LINUX 1
| #define HAVE_LIBPTHREAD 1
| #define HAVE_LIBZ 1
| #define HAVE_LIBBZ2 1
| #define HAVE_ALLOCA_H 1
| #define HAVE_ALLOCA 1
| #define HAVE_FSEEKO 1
| #define HAVE_TIMES 1
| #define HAVE_DLFCN_H 1
| #define _LARGEFILE_SOURCE 1
| #define HAVE_REALPATH 1
| #define HAVE_FOPEN64 1
| #define HAVE_LROUND 1
| #define HAVE_LLROUND 1
| #define HAVE_NAN 1
| #define HAVE_FMIN 1
| #define HAVE_FMAX 1
| /* end confdefs.h.  */
| #include "inttypes.h"
| static bool check(unsigned long val)
| {
|   return val != 0;
| }
| static bool check(uint64_t val)
| {
|   return val != 0;
| }
| int
| main ()
| {
| unsigned long ulval = 1;
| bool result = check(ulval);
| uint64_t uival = 1;
| result &= check(uival);
| return !result;
|   ;
|   return 0;
| }
configure:7234: result: yes
configure:7261: checking for sanity of prefix
configure:7267: result: ok
configure:7270: checking for sanity of exec_prefix
configure:7276: result: ok
configure:7279: checking for sanity of libdir
configure:7285: result: ok
configure:7405: creating ./config.status

## ---------------------- ##
## Running config.status. ##
## ---------------------- ##

This file was extended by config.status, which was
generated by GNU Autoconf 2.69.  Invocation command line was

  CONFIG_FILES    = 
  CONFIG_HEADERS  = 
  CONFIG_LINKS    = 
  CONFIG_COMMANDS = 
  $ ./config.status 

on kurerm

config.status:868: creating vhdlpp/Makefile
config.status:868: creating config.h
config.status:1043: config.h is unchanged
config.status:868: creating vhdlpp/vhdlpp_config.h
config.status:1043: vhdlpp/vhdlpp_config.h is unchanged

## ---------------- ##
## Cache variables. ##
## ---------------- ##

ac_cv_build=x86_64-unknown-linux-gnu
ac_cv_c_bigendian=no
ac_cv_c_compiler_gnu=yes
ac_cv_cxx_compiler_gnu=yes
ac_cv_env_CCC_set=
ac_cv_env_CCC_value=
ac_cv_env_CC_set=
ac_cv_env_CC_value=
ac_cv_env_CFLAGS_set=
ac_cv_env_CFLAGS_value=
ac_cv_env_CPPFLAGS_set=
ac_cv_env_CPPFLAGS_value=
ac_cv_env_CPP_set=
ac_cv_env_CPP_value=
ac_cv_env_CXXCPP_set=
ac_cv_env_CXXCPP_value=
ac_cv_env_CXXFLAGS_set=
ac_cv_env_CXXFLAGS_value=
ac_cv_env_CXX_set=
ac_cv_env_CXX_value=
ac_cv_env_LDFLAGS_set=
ac_cv_env_LDFLAGS_value=
ac_cv_env_LIBS_set=
ac_cv_env_LIBS_value=
ac_cv_env_build_alias_set=
ac_cv_env_build_alias_value=
ac_cv_env_host_alias_set=
ac_cv_env_host_alias_value=
ac_cv_env_target_alias_set=
ac_cv_env_target_alias_value=
ac_cv_func_alloca_works=yes
ac_cv_func_fopen64=yes
ac_cv_func_realpath=yes
ac_cv_have_decl___SUNPRO_C=no
ac_cv_have_decl___SUNPRO_CC=no
ac_cv_header_dlfcn_h=yes
ac_cv_header_getopt_h=yes
ac_cv_header_inttypes_h=yes
ac_cv_header_iosfwd=yes
ac_cv_header_libiberty_h=no
ac_cv_header_memory_h=yes
ac_cv_header_readline_history_h=yes
ac_cv_header_readline_readline_h=yes
ac_cv_header_stdc=yes
ac_cv_header_stdint_h=yes
ac_cv_header_stdlib_h=yes
ac_cv_header_string_h=yes
ac_cv_header_strings_h=yes
ac_cv_header_sys_resource_h=yes
ac_cv_header_sys_stat_h=yes
ac_cv_header_sys_types_h=yes
ac_cv_header_sys_wait_h=yes
ac_cv_header_unistd_h=yes
ac_cv_host=x86_64-unknown-linux-gnu
ac_cv_lib_bz2_BZ2_bzdopen=yes
ac_cv_lib_dl_dlopen=yes
ac_cv_lib_history_add_history=yes
ac_cv_lib_pthread_pthread_create=yes
ac_cv_lib_readline_readline=yes
ac_cv_lib_termcap_tputs=no
ac_cv_lib_z_gzwrite=yes
ac_cv_objext=o
ac_cv_path_EGREP='/usr/sbin/grep -E'
ac_cv_path_GREP=/usr/sbin/grep
ac_cv_path_install='/usr/bin/install -c'
ac_cv_prog_CPP='gcc -E'
ac_cv_prog_CXXCPP='g++ -E'
ac_cv_prog_GIT=git
ac_cv_prog_LEX=flex
ac_cv_prog_MAN=man
ac_cv_prog_PS2PDF=ps2pdf
ac_cv_prog_XGPERF=gperf
ac_cv_prog_YACC=bison
ac_cv_prog_ac_ct_AR=ar
ac_cv_prog_ac_ct_CC=gcc
ac_cv_prog_ac_ct_CXX=g++
ac_cv_prog_ac_ct_LD=ld
ac_cv_prog_ac_ct_RANLIB=ranlib
ac_cv_prog_ac_ct_STRIP=strip
ac_cv_prog_cc_c89=
ac_cv_prog_cc_c99=
ac_cv_prog_cc_g=yes
ac_cv_prog_cxx_g=yes
ac_cv_search_fmax='none required'
ac_cv_search_fmin='none required'
ac_cv_search_llround='none required'
ac_cv_search_lround=-lm
ac_cv_search_nan='none required'
ac_cv_sizeof_unsigned=4
ac_cv_sizeof_unsigned_long=8
ac_cv_sizeof_unsigned_long_long=8
ac_cv_sys_largefile_source=no
ac_cv_type_size_t=yes
ac_cv_working_alloca_h=yes

## ----------------- ##
## Output variables. ##
## ----------------- ##

ALLOCA=''
AR='ar'
CC='gcc'
CFLAGS=' -g -O2'
CPP='gcc -E'
CPPFLAGS=''
CTARGETFLAGS=''
CXX='g++'
CXXCPP='g++ -E'
CXXFLAGS=' -g -O2'
DEFS='-DHAVE_CONFIG_H'
DEPENDENCY_FLAG='-MD'
DLLIB='-ldl'
DLLTOOL='false'
ECHO_C=''
ECHO_N='-n'
ECHO_T=''
EGREP='/usr/sbin/grep -E'
EXEEXT=''
GIT='git'
GREP='/usr/sbin/grep'
HAVE_LIBBZ2='yes'
HAVE_LIBZ='yes'
INSTALL_DATA='${INSTALL} -m 644'
INSTALL_PROGRAM='${INSTALL}'
INSTALL_SCRIPT='${INSTALL}'
LD='ld'
LDFLAGS=' '
LDRELOCFLAGS=''
LDTARGETFLAGS=''
LEX='flex'
LIBOBJS=''
LIBS='-lm -lbz2 -lz -lpthread -lhistory -lreadline '
LTLIBOBJS=''
MAN='man'
OBJEXT='o'
PACKAGE_BUGREPORT=''
PACKAGE_NAME=''
PACKAGE_STRING=''
PACKAGE_TARNAME=''
PACKAGE_URL=''
PACKAGE_VERSION=''
PATH_SEPARATOR=':'
PS2PDF='ps2pdf'
RANLIB='ranlib'
SHELL='/bin/sh'
STRIP='strip'
WARNING_FLAGS='-Wall -Wextra -Wshadow'
WARNING_FLAGS_CC='-Wstrict-prototypes'
WARNING_FLAGS_CXX=''
WINDRES='false'
XGPERF='gperf'
YACC='bison'
ac_ct_CC='gcc'
ac_ct_CXX='g++'
bindir='${exec_prefix}/bin'
build='x86_64-unknown-linux-gnu'
build_alias=''
build_cpu='x86_64'
build_os='linux-gnu'
build_vendor='unknown'
datadir='${datarootdir}'
datarootdir='${prefix}/share'
docdir='${datarootdir}/doc/${PACKAGE}'
dvidir='${docdir}'
exec_prefix='${prefix}'
file64_support='-D_LARGEFILE_SOURCE=1 -D_FILE_OFFSET_BITS=64'
host='x86_64-unknown-linux-gnu'
host_alias=''
host_cpu='x86_64'
host_os='linux-gnu'
host_vendor='unknown'
htmldir='${docdir}'
includedir='${prefix}/include'
infodir='${datarootdir}/info'
libdir='${exec_prefix}/lib'
libexecdir='${exec_prefix}/libexec'
localedir='${datarootdir}/locale'
localstatedir='${prefix}/var'
mandir='${datarootdir}/man'
oldincludedir='/usr/include'
pdfdir='${docdir}'
prefix='/usr/local'
program_transform_name='s,x,x,'
psdir='${docdir}'
sbindir='${exec_prefix}/sbin'
sharedstatedir='${prefix}/com'
sysconfdir='${prefix}/etc'
target_alias=''

## ----------- ##
## confdefs.h. ##
## ----------- ##

/* confdefs.h */
#define PACKAGE_NAME ""
#define PACKAGE_TARNAME ""
#define PACKAGE_VERSION ""
#define PACKAGE_STRING ""
#define PACKAGE_BUGREPORT ""
#define PACKAGE_URL ""
#define STDC_HEADERS 1
#define HAVE_SYS_TYPES_H 1
#define HAVE_SYS_STAT_H 1
#define HAVE_STDLIB_H 1
#define HAVE_STRING_H 1
#define HAVE_MEMORY_H 1
#define HAVE_STRINGS_H 1
#define HAVE_INTTYPES_H 1
#define HAVE_STDINT_H 1
#define HAVE_UNISTD_H 1
#define HAVE_GETOPT_H 1
#define HAVE_INTTYPES_H 1
#define HAVE_IOSFWD 1
#define HAVE_SYS_WAIT_H 1
#define SIZEOF_UNSIGNED_LONG_LONG 8
#define SIZEOF_UNSIGNED_LONG 8
#define SIZEOF_UNSIGNED 4
#define HAVE_LIBREADLINE 1
#define HAVE_LIBHISTORY 1
#define HAVE_READLINE_READLINE_H 1
#define HAVE_READLINE_HISTORY_H 1
#define HAVE_SYS_RESOURCE_H 1
#define LINUX 1
#define HAVE_LIBPTHREAD 1
#define HAVE_LIBZ 1
#define HAVE_LIBBZ2 1
#define HAVE_ALLOCA_H 1
#define HAVE_ALLOCA 1
#define HAVE_FSEEKO 1
#define HAVE_TIMES 1
#define HAVE_DLFCN_H 1
#define _LARGEFILE_SOURCE 1
#define HAVE_REALPATH 1
#define HAVE_FOPEN64 1
#define HAVE_LROUND 1
#define HAVE_LLROUND 1
#define HAVE_NAN 1
#define HAVE_FMIN 1
#define HAVE_FMAX 1
#define UINT64_T_AND_ULONG_SAME 1

configure: exit 0
